e:\programming\scorpio\debug\vc142.pdb
e:\programming\scorpio\debug\vc142.idb
e:\programming\scorpio\debug\test.obj
e:\programming\scorpio\debug\scorpio.obj
e:\programming\scorpio\debug\scorpio.exe
e:\programming\scorpio\debug\scorpio.ilk
e:\programming\scorpio\debug\scorpio.pdb
e:\programming\scorpio\debug\scorpio.res
e:\programming\scorpio\debug\vcpkg.applocal.log
e:\programming\scorpio\debug\scorpio.tlog\cl.command.1.tlog
e:\programming\scorpio\debug\scorpio.tlog\cl.read.1.tlog
e:\programming\scorpio\debug\scorpio.tlog\cl.write.1.tlog
e:\programming\scorpio\debug\scorpio.tlog\link.8708-cvtres.read.1.tlog
e:\programming\scorpio\debug\scorpio.tlog\link.8708-cvtres.write.1.tlog
e:\programming\scorpio\debug\scorpio.tlog\link.8708-rc.read.1.tlog
e:\programming\scorpio\debug\scorpio.tlog\link.8708-rc.write.1.tlog
e:\programming\scorpio\debug\scorpio.tlog\link.8708.read.1.tlog
e:\programming\scorpio\debug\scorpio.tlog\link.8708.write.1.tlog
e:\programming\scorpio\debug\scorpio.tlog\link.command.1.tlog
e:\programming\scorpio\debug\scorpio.tlog\link.read.1.tlog
e:\programming\scorpio\debug\scorpio.tlog\link.write.1.tlog
e:\programming\scorpio\debug\scorpio.tlog\rc.command.1.tlog
e:\programming\scorpio\debug\scorpio.tlog\rc.read.1.tlog
e:\programming\scorpio\debug\scorpio.tlog\rc.write.1.tlog
e:\programming\scorpio\debug\scorpio.tlog\scorpio.write.1u.tlog
