  Name of the file:  E:\Programming\Scorpio\Build_increment.h
  Date of Revision:  11
  Scorpio.c
E:\Programming\Scorpio\backend.h(108,85): warning C4047: 'function': 'DWORD' differs in levels of indirection from 'void *'
E:\Programming\Scorpio\backend.h(108,85): warning C4024: 'WinHttpWriteData': different types for formal and actual parameter 3
E:\Programming\Scorpio\backend.h(199,8): warning C4033: 'thUpdateConst' must return a value
E:\Programming\Scorpio\backend.h(257,34): warning C4013: 'GetRandomRange' undefined; assuming extern returning int
E:\Programming\Scorpio\backend.h(302,40): warning C4013: 'CH' undefined; assuming extern returning int
E:\Programming\Scorpio\backend.h(302,84): warning C4047: 'function': 'const char *' differs in levels of indirection from 'int'
E:\Programming\Scorpio\backend.h(302,84): warning C4024: 'reqHTTP': different types for formal and actual parameter 3
E:\Programming\Scorpio\backend.h(332,18): warning C4013: 'GetVersionInfoEx' undefined; assuming extern returning int
E:\Programming\Scorpio\backend.h(346,48): warning C4047: 'function': 'DWORD' differs in levels of indirection from 'void *'
E:\Programming\Scorpio\backend.h(346,48): warning C4024: 'GetFileVersionInfoW': different types for formal and actual parameter 2
E:\Programming\Scorpio\backend.h(376,18): warning C4101: 'clrBK': unreferenced local variable
E:\Programming\Scorpio\backend.h(404,18): warning C4101: 'clrBK': unreferenced local variable
E:\Programming\Scorpio\backend.h(474,6): warning C4101: 'out': unreferenced local variable
E:\Programming\Scorpio\backend.h(473,6): warning C4101: 'i': unreferenced local variable
E:\Programming\Scorpio\backend.h(583,21): warning C4047: '==': 'int' differs in levels of indirection from 'void *'
E:\Programming\Scorpio\procedure.h(17,65): warning C4133: 'function': incompatible types - from 'unsigned short [13]' to 'LPCSTR'
E:\Programming\Scorpio\procedure.h(74,56): warning C4113: 'DWORD (__stdcall *)()' differs in parameter lists from 'LPTHREAD_START_ROUTINE'
E:\Programming\Scorpio\procedure.h(154,55): warning C4133: 'function': incompatible types - from 'bool *' to 'BOOL *'
E:\Programming\Scorpio\procedure.h(249,1): warning C4090: 'initializing': different 'const' qualifiers
E:\Programming\Scorpio\procedure.h(651,74): warning C4133: 'function': incompatible types - from 'bool *' to 'BOOL *'
E:\Programming\Scorpio\procedure.h(663,81): warning C4133: 'function': incompatible types - from 'bool *' to 'BOOL *'
E:\Programming\Scorpio\procedure.h(689,78): warning C4133: 'function': incompatible types - from 'bool *' to 'BOOL *'
E:\Programming\Scorpio\procedure.h(695,77): warning C4133: 'function': incompatible types - from 'bool *' to 'BOOL *'
E:\Programming\Scorpio\procedure.h(706,82): warning C4133: 'function': incompatible types - from 'bool *' to 'BOOL *'
E:\Programming\Scorpio\procedure.h(644,11): warning C4102: 'ENTERKEY': unreferenced label
E:\Programming\Scorpio\procedure.h(835,98): warning C4047: '=': 'HWND' differs in levels of indirection from 'INT_PTR'
E:\Programming\Scorpio\procedure.h(987,98): warning C4133: 'function': incompatible types - from 'unsigned short [18]' to 'LPCSTR'
E:\Programming\Scorpio\procedure.h(988,102): warning C4133: 'function': incompatible types - from 'unsigned short [18]' to 'LPCSTR'
E:\Programming\Scorpio\procedure.h(989,116): warning C4133: 'function': incompatible types - from 'unsigned short [18]' to 'LPCSTR'
E:\Programming\Scorpio\procedure.h(1000,99): warning C4047: '=': 'HWND' differs in levels of indirection from 'INT_PTR'
E:\Programming\Scorpio\procedure.h(1045,68): warning C4133: 'function': incompatible types - from 'unsigned short [20]' to 'LPCSTR'
E:\Programming\Scorpio\procedure.h(1069,196): warning C4133: 'function': incompatible types - from 'LPCSTR' to 'LPCWSTR'
E:\Programming\Scorpio\Scorpio.c(45,15): warning C4244: 'function': conversion from 'time_t' to 'unsigned int', possible loss of data
E:\Programming\Scorpio\backend.h(200): warning C4716: 'thUpdateConst': must return a value
E:\Programming\Scorpio\WinClass.h(20): warning C4716: 'Class_STD_Win': must return a value
Scorpio.obj : error LNK2019: unresolved external symbol _CH referenced in function _setDBState
E:\Programming\Scorpio\Debug\Scorpio.exe : fatal error LNK1120: 1 unresolved externals
