  Name of the file:  E:\Programming\ScorpioApp\scorpioapp_desktop\Build_increment.h
  Date of Revision:  27
  Scorpio.c
E:\Programming\ScorpioApp\scorpioapp_desktop\backend.h(108,85): warning C4047: 'function': 'DWORD' differs in levels of indirection from 'void *'
E:\Programming\ScorpioApp\scorpioapp_desktop\backend.h(108,85): warning C4024: 'WinHttpWriteData': different types for formal and actual parameter 3
E:\Programming\ScorpioApp\scorpioapp_desktop\backend.h(199,8): warning C4033: 'thUpdateConst' must return a value
E:\Programming\ScorpioApp\scorpioapp_desktop\backend.h(257,34): warning C4013: 'GetRandomRange' undefined; assuming extern returning int
E:\Programming\ScorpioApp\scorpioapp_desktop\backend.h(332,18): warning C4013: 'GetVersionInfoEx' undefined; assuming extern returning int
E:\Programming\ScorpioApp\scorpioapp_desktop\backend.h(346,48): warning C4047: 'function': 'DWORD' differs in levels of indirection from 'void *'
E:\Programming\ScorpioApp\scorpioapp_desktop\backend.h(346,48): warning C4024: 'GetFileVersionInfoW': different types for formal and actual parameter 2
E:\Programming\ScorpioApp\scorpioapp_desktop\backend.h(376,18): warning C4101: 'clrBK': unreferenced local variable
E:\Programming\ScorpioApp\scorpioapp_desktop\backend.h(404,18): warning C4101: 'clrBK': unreferenced local variable
E:\Programming\ScorpioApp\scorpioapp_desktop\backend.h(474,6): warning C4101: 'out': unreferenced local variable
E:\Programming\ScorpioApp\scorpioapp_desktop\backend.h(473,6): warning C4101: 'i': unreferenced local variable
E:\Programming\ScorpioApp\scorpioapp_desktop\backend.h(589,21): warning C4047: '==': 'int' differs in levels of indirection from 'void *'
E:\Programming\ScorpioApp\scorpioapp_desktop\procedure.h(17,65): warning C4133: 'function': incompatible types - from 'unsigned short [13]' to 'LPCSTR'
E:\Programming\ScorpioApp\scorpioapp_desktop\procedure.h(74,56): warning C4113: 'DWORD (__stdcall *)()' differs in parameter lists from 'LPTHREAD_START_ROUTINE'
E:\Programming\ScorpioApp\scorpioapp_desktop\procedure.h(173,55): warning C4133: 'function': incompatible types - from 'bool *' to 'BOOL *'
E:\Programming\ScorpioApp\scorpioapp_desktop\procedure.h(268,1): warning C4090: 'initializing': different 'const' qualifiers
E:\Programming\ScorpioApp\scorpioapp_desktop\procedure.h(670,74): warning C4133: 'function': incompatible types - from 'bool *' to 'BOOL *'
E:\Programming\ScorpioApp\scorpioapp_desktop\procedure.h(682,81): warning C4133: 'function': incompatible types - from 'bool *' to 'BOOL *'
E:\Programming\ScorpioApp\scorpioapp_desktop\procedure.h(708,78): warning C4133: 'function': incompatible types - from 'bool *' to 'BOOL *'
E:\Programming\ScorpioApp\scorpioapp_desktop\procedure.h(714,77): warning C4133: 'function': incompatible types - from 'bool *' to 'BOOL *'
E:\Programming\ScorpioApp\scorpioapp_desktop\procedure.h(725,82): warning C4133: 'function': incompatible types - from 'bool *' to 'BOOL *'
E:\Programming\ScorpioApp\scorpioapp_desktop\procedure.h(663,11): warning C4102: 'ENTERKEY': unreferenced label
E:\Programming\ScorpioApp\scorpioapp_desktop\procedure.h(854,98): warning C4047: '=': 'HWND' differs in levels of indirection from 'INT_PTR'
E:\Programming\ScorpioApp\scorpioapp_desktop\procedure.h(1006,98): warning C4133: 'function': incompatible types - from 'unsigned short [18]' to 'LPCSTR'
E:\Programming\ScorpioApp\scorpioapp_desktop\procedure.h(1007,102): warning C4133: 'function': incompatible types - from 'unsigned short [18]' to 'LPCSTR'
E:\Programming\ScorpioApp\scorpioapp_desktop\procedure.h(1008,116): warning C4133: 'function': incompatible types - from 'unsigned short [18]' to 'LPCSTR'
E:\Programming\ScorpioApp\scorpioapp_desktop\procedure.h(1019,99): warning C4047: '=': 'HWND' differs in levels of indirection from 'INT_PTR'
E:\Programming\ScorpioApp\scorpioapp_desktop\procedure.h(1064,68): warning C4133: 'function': incompatible types - from 'unsigned short [20]' to 'LPCSTR'
E:\Programming\ScorpioApp\scorpioapp_desktop\procedure.h(1088,196): warning C4133: 'function': incompatible types - from 'LPCSTR' to 'LPCWSTR'
E:\Programming\ScorpioApp\scorpioapp_desktop\Scorpio.c(45,15): warning C4244: 'function': conversion from 'time_t' to 'unsigned int', possible loss of data
  Generating code
  3 of 89 functions ( 3.4%) were compiled, the rest were copied from previous compilation.
    0 functions were new in current compilation
    2 functions had inline decision re-evaluated but remain unchanged
  Finished generating code
  Scorpio.vcxproj -> E:\Programming\ScorpioApp\scorpioapp_desktop\Release\Scorpio.exe
