e:\programming\scorpioapp\scorpioapp_desktop\release\vc142.pdb
e:\programming\scorpioapp\scorpioapp_desktop\release\scorpio.obj
e:\programming\scorpioapp\scorpioapp_desktop\release\qrcodegen.obj
e:\programming\scorpioapp\scorpioapp_desktop\release\scorpio.exe
e:\programming\scorpioapp\scorpioapp_desktop\release\scorpio.pdb
e:\programming\scorpioapp\scorpioapp_desktop\release\scorpio.res
e:\programming\scorpioapp\scorpioapp_desktop\release\version.res
e:\programming\scorpioapp\scorpioapp_desktop\release\scorpio.ipdb
e:\programming\scorpioapp\scorpioapp_desktop\release\scorpio.iobj
e:\programming\scorpioapp\scorpioapp_desktop\release\vcpkg.applocal.log
e:\programming\scorpioapp\scorpioapp_desktop\release\scorpio.tlog\cl.command.1.tlog
e:\programming\scorpioapp\scorpioapp_desktop\release\scorpio.tlog\cl.read.1.tlog
e:\programming\scorpioapp\scorpioapp_desktop\release\scorpio.tlog\cl.write.1.tlog
e:\programming\scorpioapp\scorpioapp_desktop\release\scorpio.tlog\link.command.1.tlog
e:\programming\scorpioapp\scorpioapp_desktop\release\scorpio.tlog\link.delete.1.tlog
e:\programming\scorpioapp\scorpioapp_desktop\release\scorpio.tlog\link.read.1.tlog
e:\programming\scorpioapp\scorpioapp_desktop\release\scorpio.tlog\link.write.1.tlog
e:\programming\scorpioapp\scorpioapp_desktop\release\scorpio.tlog\rc.command.1.tlog
e:\programming\scorpioapp\scorpioapp_desktop\release\scorpio.tlog\rc.read.1.tlog
e:\programming\scorpioapp\scorpioapp_desktop\release\scorpio.tlog\rc.write.1.tlog
e:\programming\scorpioapp\scorpioapp_desktop\release\scorpio.tlog\scorpio.write.1u.tlog
